<?xml version="1.0" encoding="UTF-8"?>
<!-- Generated by org.testng.reporters.JUnitXMLReporter -->
<testsuite hostname="LP-5CD6518TWJ" ignored="0" name="Book-flight-Test" tests="5" failures="0" timestamp="27 Dec 2020 06:27:40 GMT" time="24.805" errors="0">
  <testcase name="registrationPage" time="12.765" classname="com.tour.test.BookFLightTest"/>
  <testcase name="registrationConfirmationPage" time="0.216" classname="com.tour.test.BookFLightTest"/>
  <testcase name="flightBookingPage" time="1.648" classname="com.tour.test.BookFLightTest"/>
  <testcase name="findFlightPage" time="1.141" classname="com.tour.test.BookFLightTest"/>
  <testcase name="flightConfirmationPage" time="0.312" classname="com.tour.test.BookFLightTest"/>
</testsuite> <!-- Book-flight-Test -->
