<?xml version="1.0" encoding="UTF-8"?>
<!-- Generated by org.testng.reporters.JUnitXMLReporter -->
<testsuite hostname="LP-5CD6518TWJ" ignored="0" name="Search-Test-qa" tests="1" failures="0" timestamp="29 Dec 2020 04:26:22 GMT" time="2.595" errors="0">
  <testcase name="@BeforeTest setDriver" time="2.573" classname="com.tests.BaseTest">
    <failure type="org.openqa.selenium.WebDriverException" message="Unable to parse remote response: &amp;lt;!DOCTYPE html&amp;gt;
&amp;lt;html&amp;gt;
&amp;lt;head&amp;gt;
  &amp;lt;meta charset=&amp;quot;utf-8&amp;quot;&amp;gt;
  &amp;lt;title&amp;gt;Zalenium - 502
  
    - Bad Gateway
  
  &amp;lt;/title&amp;gt;
  &amp;lt;meta name=&amp;quot;viewport&amp;quot; content=&amp;quot;width=device-width, initial-scale=1&amp;quot;&amp;gt;
  &amp;lt;style&amp;gt;
    h1 { text-align: center; }
    address { text-align: center; }
  &amp;lt;/style&amp;gt;
&amp;lt;/head&amp;gt;
&amp;lt;body&amp;gt;
  &amp;lt;h1&amp;gt;502
  
    - Bad Gateway
  
  &amp;lt;/h1&amp;gt;
&amp;lt;hr&amp;gt;
&amp;lt;address&amp;gt;nginx/1.10.3 - Zalenium 3.141.59z&amp;lt;/address&amp;gt;
&amp;lt;/body&amp;gt;
&amp;lt;/html&amp;gt;
">
      <![CDATA[org.openqa.selenium.WebDriverException: Unable to parse remote response: <!DOCTYPE html>
<html>
<head>
  <meta charset="utf-8">
  <title>Zalenium - 502
  
    - Bad Gateway
  
  </title>
  <meta name="viewport" content="width=device-width, initial-scale=1">
  <style>
    h1 { text-align: center; }
    address { text-align: center; }
  </style>
</head>
<body>
  <h1>502
  
    - Bad Gateway
  
  </h1>
<hr>
<address>nginx/1.10.3 - Zalenium 3.141.59z</address>
</body>
</html>

at org.openqa.selenium.remote.ProtocolHandshake.createSession(ProtocolHandshake.java:115)
at org.openqa.selenium.remote.ProtocolHandshake.createSession(ProtocolHandshake.java:74)
at org.openqa.selenium.remote.HttpCommandExecutor.execute(HttpCommandExecutor.java:136)
at org.openqa.selenium.remote.RemoteWebDriver.execute(RemoteWebDriver.java:552)
at org.openqa.selenium.remote.RemoteWebDriver.startSession(RemoteWebDriver.java:213)
at org.openqa.selenium.remote.RemoteWebDriver.<init>(RemoteWebDriver.java:131)
at org.openqa.selenium.remote.RemoteWebDriver.<init>(RemoteWebDriver.java:144)
at com.tests.BaseTest.setDriver(BaseTest.java:35)
Caused by: org.openqa.selenium.json.JsonException: Unable to determine type from: <. Last 1 characters read: <
Build info: version: '3.141.59', revision: 'e82be7d358', time: '2018-11-14T08:17:03'
System info: host: 'LP-5CD6518TWJ', ip: '192.168.100.7', os.name: 'Windows 10', os.arch: 'amd64', os.version: '10.0', java.version: '1.8.0_241'
Driver info: driver.version: RemoteWebDriver
at org.openqa.selenium.json.JsonInput.peek(JsonInput.java:122)
at org.openqa.selenium.json.JsonTypeCoercer.lambda$null$6(JsonTypeCoercer.java:140)
at org.openqa.selenium.json.JsonTypeCoercer.coerce(JsonTypeCoercer.java:126)
at org.openqa.selenium.json.Json.toType(Json.java:69)
at org.openqa.selenium.json.Json.toType(Json.java:55)
at org.openqa.selenium.json.Json.toType(Json.java:50)
at org.openqa.selenium.remote.ProtocolHandshake.createSession(ProtocolHandshake.java:112)
... 31 more
... Removed 24 stack frames]]>
    </failure>
  </testcase> <!-- @BeforeTest setDriver -->
  <testcase name="@AfterTest quit" time="0.0" classname="com.tests.BaseTest">
    <skipped/>
  </testcase> <!-- @AfterTest quit -->
  <testcase name="search" time="0.0" classname="com.searchmodule.test.SearchTest">
    <skipped/>
  </testcase> <!-- search -->
</testsuite> <!-- Search-Test-qa -->
